build/outputs/logs/manifest-merger-debug-report.txt
-- Merging decision tree log ---
manifest
ADDED from Apps\SmartTask\AndroidManifest.xml:2:1-84:12
	package
		ADDED from Apps\SmartTask\AndroidManifest.xml:3:5-24
	android:versionName
		ADDED from Apps\SmartTask\AndroidManifest.xml:5:5-31
		INJECTED from Apps\SmartTask\AndroidManifest.xml
		INJECTED from Apps\SmartTask\AndroidManifest.xml
	android:versionCode
		ADDED from Apps\SmartTask\AndroidManifest.xml:4:5-29
		INJECTED from Apps\SmartTask\AndroidManifest.xml
		INJECTED from Apps\SmartTask\AndroidManifest.xml
	xmlns:android
		ADDED from Apps\SmartTask\AndroidManifest.xml:2:11-69
uses-sdk
ADDED from Apps\SmartTask\AndroidManifest.xml:7:5-9:41
	android:targetSdkVersion
		ADDED from Apps\SmartTask\AndroidManifest.xml:9:9-38
	android:minSdkVersion
		ADDED from Apps\SmartTask\AndroidManifest.xml:8:9-34
uses-permission#android.permission.ACCESS_WIFI_STATE
ADDED from Apps\SmartTask\AndroidManifest.xml:11:5-76
	android:name
		ADDED from Apps\SmartTask\AndroidManifest.xml:11:22-73
uses-permission#android.permission.RECEIVE_BOOT_COMPLETED
ADDED from Apps\SmartTask\AndroidManifest.xml:12:5-81
	android:name
		ADDED from Apps\SmartTask\AndroidManifest.xml:12:22-78
uses-permission#android.permission.WAKE_LOCK
ADDED from Apps\SmartTask\AndroidManifest.xml:13:5-68
	android:name
		ADDED from Apps\SmartTask\AndroidManifest.xml:13:22-65
uses-permission#android.permission.WRITE_INTERNAL_STORAGE
ADDED from Apps\SmartTask\AndroidManifest.xml:14:5-81
	android:name
		ADDED from Apps\SmartTask\AndroidManifest.xml:14:22-78
uses-permission#android.permission.ACCESS_NETWORK_STATE
ADDED from Apps\SmartTask\AndroidManifest.xml:15:5-79
	android:name
		ADDED from Apps\SmartTask\AndroidManifest.xml:15:22-76
uses-permission#android.permission.INTERNET
ADDED from Apps\SmartTask\AndroidManifest.xml:18:5-67
	android:name
		ADDED from Apps\SmartTask\AndroidManifest.xml:18:22-64
uses-permission#android.permission.EXTERNAL_STORAGE
ADDED from Apps\SmartTask\AndroidManifest.xml:19:5-75
	android:name
		ADDED from Apps\SmartTask\AndroidManifest.xml:19:22-72
uses-permission#android.permission.WRITE_EXTERNAL_STORAGE
ADDED from Apps\SmartTask\AndroidManifest.xml:20:5-81
	android:name
		ADDED from Apps\SmartTask\AndroidManifest.xml:20:22-78
uses-permission#android.permission.MOUNT_FORMAT_FILESYSTEMS
ADDED from Apps\SmartTask\AndroidManifest.xml:21:5-83
	android:name
		ADDED from Apps\SmartTask\AndroidManifest.xml:21:22-80
uses-permission#android.permission.WRITE_OWNER_DATA
ADDED from Apps\SmartTask\AndroidManifest.xml:22:5-75
	android:name
		ADDED from Apps\SmartTask\AndroidManifest.xml:22:22-72
uses-permission#android.permission.VIBRATE
ADDED from Apps\SmartTask\AndroidManifest.xml:23:5-66
	android:name
		ADDED from Apps\SmartTask\AndroidManifest.xml:23:22-63
uses-permission#android.permission.ACCESS_FINE_LOCATION
ADDED from Apps\SmartTask\AndroidManifest.xml:24:5-79
	android:name
		ADDED from Apps\SmartTask\AndroidManifest.xml:24:22-76
uses-permission#android.permission.ACCESS_COARSE_LOCATION
ADDED from Apps\SmartTask\AndroidManifest.xml:25:5-80
	android:name
		ADDED from Apps\SmartTask\AndroidManifest.xml:25:22-78
uses-permission#android.permission.CAMERA
ADDED from Apps\SmartTask\AndroidManifest.xml:26:5-65
	android:name
		ADDED from Apps\SmartTask\AndroidManifest.xml:26:22-62
uses-feature#android.hardware.camera
ADDED from Apps\SmartTask\AndroidManifest.xml:28:5-60
	android:name
		ADDED from Apps\SmartTask\AndroidManifest.xml:28:19-57
uses-permission#android.permission.CALL_PHONE
ADDED from Apps\SmartTask\AndroidManifest.xml:30:5-69
	android:name
		ADDED from Apps\SmartTask\AndroidManifest.xml:30:22-66
application
ADDED from Apps\SmartTask\AndroidManifest.xml:32:5-82:19
	android:label
		ADDED from Apps\SmartTask\AndroidManifest.xml:35:9-41
	android:icon
		ADDED from Apps\SmartTask\AndroidManifest.xml:34:9-40
	android:name
		ADDED from Apps\SmartTask\AndroidManifest.xml:33:9-43
activity#sgb.tasks.MenuOrders
ADDED from Apps\SmartTask\AndroidManifest.xml:36:9-44:20
	android:screenOrientation
		ADDED from Apps\SmartTask\AndroidManifest.xml:39:13-49
	android:label
		ADDED from Apps\SmartTask\AndroidManifest.xml:38:13-45
	android:name
		ADDED from Apps\SmartTask\AndroidManifest.xml:37:13-48
intent-filter#android.intent.action.MAIN+android.intent.category.LAUNCHER
ADDED from Apps\SmartTask\AndroidManifest.xml:40:13-43:29
action#android.intent.action.MAIN
ADDED from Apps\SmartTask\AndroidManifest.xml:41:17-69
	android:name
		ADDED from Apps\SmartTask\AndroidManifest.xml:41:25-66
category#android.intent.category.LAUNCHER
ADDED from Apps\SmartTask\AndroidManifest.xml:42:17-77
	android:name
		ADDED from Apps\SmartTask\AndroidManifest.xml:42:27-74
activity#sgb.tasks.ExecTask
ADDED from Apps\SmartTask\AndroidManifest.xml:46:9-50:20
	android:screenOrientation
		ADDED from Apps\SmartTask\AndroidManifest.xml:48:13-49
	android:windowSoftInputMode
		ADDED from Apps\SmartTask\AndroidManifest.xml:49:13-52
	android:name
		ADDED from Apps\SmartTask\AndroidManifest.xml:47:13-46
activity#sgb.tasks.WebViewActivity
ADDED from Apps\SmartTask\AndroidManifest.xml:51:9-54:20
	android:screenOrientation
		ADDED from Apps\SmartTask\AndroidManifest.xml:53:13-49
	android:name
		ADDED from Apps\SmartTask\AndroidManifest.xml:52:13-53
activity#sgb.tasks.GaleriaImatges
ADDED from Apps\SmartTask\AndroidManifest.xml:55:9-58:20
	android:screenOrientation
		ADDED from Apps\SmartTask\AndroidManifest.xml:57:13-49
	android:name
		ADDED from Apps\SmartTask\AndroidManifest.xml:56:13-52
activity#sgb.tasks.DialogError
ADDED from Apps\SmartTask\AndroidManifest.xml:59:9-63:20
	android:screenOrientation
		ADDED from Apps\SmartTask\AndroidManifest.xml:61:13-49
	android:theme
		ADDED from Apps\SmartTask\AndroidManifest.xml:62:13-53
	android:name
		ADDED from Apps\SmartTask\AndroidManifest.xml:60:13-49
activity#sgb.tasks.Gps
ADDED from Apps\SmartTask\AndroidManifest.xml:64:9-67:20
	android:screenOrientation
		ADDED from Apps\SmartTask\AndroidManifest.xml:66:13-49
	android:name
		ADDED from Apps\SmartTask\AndroidManifest.xml:65:13-41
activity#sgb.tasks.ImpMaps
ADDED from Apps\SmartTask\AndroidManifest.xml:68:9-71:20
	android:screenOrientation
		ADDED from Apps\SmartTask\AndroidManifest.xml:70:13-49
	android:name
		ADDED from Apps\SmartTask\AndroidManifest.xml:69:13-45
activity#sgb.tasks.Signa
ADDED from Apps\SmartTask\AndroidManifest.xml:72:9-75:20
	android:screenOrientation
		ADDED from Apps\SmartTask\AndroidManifest.xml:74:13-49
	android:name
		ADDED from Apps\SmartTask\AndroidManifest.xml:73:13-43
activity#sgb.tasks.Cataleg
ADDED from Apps\SmartTask\AndroidManifest.xml:76:9-77:20
	android:name
		ADDED from Apps\SmartTask\AndroidManifest.xml:76:19-51
activity#sgb.tasks.Signatura
ADDED from Apps\SmartTask\AndroidManifest.xml:78:9-79:20
	android:name
		ADDED from Apps\SmartTask\AndroidManifest.xml:78:19-53